<?xml version="1.0" encoding="UTF-8"?>
<!-- Generated by org.testng.reporters.JUnitXMLReporter -->
<testsuite hostname="HP-PC" ignored="1" name="Default test" tests="1" failures="0" timestamp="28 Sep 2023 19:34:47 GMT" time="12.574" errors="0">
  <testcase name="countItemDropdown" time="1.175" classname="ApiProject.DATA.ScreenShot"/>
  <testcase name="captureScreen" time="0.0" classname="ApiProject.DATA.ScreenShot">
    <ignored/>
  </testcase> <!-- captureScreen -->
</testsuite> <!-- Default test -->
