<?xml version="1.0" encoding="UTF-8"?>
<testng-results skipped="0" failed="0" ignored="1" total="2" passed="1">
  <reporter-output>
  </reporter-output>
  <suite name="Default suite" duration-ms="12574" started-at="2023-09-28T19:34:34Z" finished-at="2023-09-28T19:34:47Z">
    <groups>
    </groups>
    <test name="Default test" duration-ms="12574" started-at="2023-09-28T19:34:34Z" finished-at="2023-09-28T19:34:47Z">
      <class name="ApiProject.DATA.ScreenShot">
        <test-method status="PASS" signature="launch()[pri:0, instance:ApiProject.DATA.ScreenShot@5383967b]" name="launch" is-config="true" duration-ms="11251" started-at="2023-09-28T19:34:34Z" finished-at="2023-09-28T19:34:45Z">
          <reporter-output>
          </reporter-output>
        </test-method> <!-- launch -->
        <test-method status="PASS" signature="countItemDropdown()[pri:0, instance:ApiProject.DATA.ScreenShot@5383967b]" name="countItemDropdown" duration-ms="1175" started-at="2023-09-28T19:34:45Z" finished-at="2023-09-28T19:34:47Z">
          <reporter-output>
          </reporter-output>
        </test-method> <!-- countItemDropdown -->
        <test-method status="PASS" signature="closing()[pri:0, instance:ApiProject.DATA.ScreenShot@5383967b]" name="closing" is-config="true" duration-ms="122" started-at="2023-09-28T19:34:47Z" finished-at="2023-09-28T19:34:47Z">
          <reporter-output>
          </reporter-output>
        </test-method> <!-- closing -->
      </class> <!-- ApiProject.DATA.ScreenShot -->
    </test> <!-- Default test -->
  </suite> <!-- Default suite -->
</testng-results>
